<?xml version="1.0" encoding="UTF-8"?>
<testsuite name="Registrarse" tests="1" skipped="0" failures="0" errors="0" timestamp="2019-10-19T23:45:01" hostname="50HW015556" time="5.219">
  <properties/>
  <testcase name="registrarse exitoso" classname="Registrarse" time="5.219"/>
  <system-out><![CDATA[]]></system-out>
  <system-err><![CDATA[Oct 19, 2019 6:45:02 PM org.openqa.selenium.remote.DesiredCapabilities chrome
INFO: Using `new ChromeOptions()` is preferred to `DesiredCapabilities.chrome()`
Starting ChromeDriver 2.35.528161 (5b82f2d2aae0ca24b877009200ced9065a772e73) on port 24626
Only local connections are allowed.
Oct 19, 2019 6:45:04 PM org.openqa.selenium.remote.ProtocolHandshake createSession
INFO: Detected dialect: OSS
]]></system-err>
</testsuite>
